TN:
SF:src/modules/appointments/services/CreateAppointmentService.ts
FN:15,(anonymous_17)
FN:16,CreateAppointmentService
FN:21,(anonymous_19)
FNF:3
FNH:3
FNDA:1,(anonymous_17)
FNDA:2,CreateAppointmentService
FNDA:3,(anonymous_19)
DA:1,1
DA:2,1
DA:4,1
DA:15,1
DA:18,2
DA:21,3
DA:22,3
DA:24,3
DA:28,3
DA:29,0
DA:32,3
DA:37,3
DA:39,1
DA:41,1
LF:14
LH:13
BRDA:28,0,0,0
BRDA:28,0,1,3
BRF:2
BRH:1
end_of_record
TN:
SF:src/modules/users/services/AuthenticateUserService.ts
FN:22,(anonymous_17)
FN:23,AuthenticateUserService
FN:28,(anonymous_19)
FNF:3
FNH:0
FNDA:0,(anonymous_17)
FNDA:0,AuthenticateUserService
FNDA:0,(anonymous_19)
DA:1,0
DA:2,0
DA:3,0
DA:4,0
DA:6,0
DA:22,0
DA:25,0
DA:28,0
DA:29,0
DA:31,0
DA:32,0
DA:35,0
DA:37,0
DA:38,0
DA:41,0
DA:46,0
DA:51,0
DA:53,0
LF:18
LH:0
BRDA:29,0,0,0
BRDA:31,1,0,0
BRDA:31,1,1,0
BRDA:37,2,0,0
BRDA:37,2,1,0
BRF:5
BRH:0
end_of_record
TN:
SF:src/modules/users/services/CreateUserService.ts
FN:16,(anonymous_17)
FN:17,CreateUserService
FN:22,(anonymous_19)
FNF:3
FNH:3
FNDA:1,(anonymous_17)
FNDA:2,CreateUserService
FNDA:3,(anonymous_19)
DA:1,1
DA:2,1
DA:4,1
DA:16,1
DA:19,2
DA:22,3
DA:23,3
DA:25,3
DA:26,0
DA:29,3
DA:31,2
DA:37,2
DA:39,1
DA:41,1
LF:14
LH:13
BRDA:23,0,0,3
BRDA:25,1,0,0
BRDA:25,1,1,3
BRF:3
BRH:2
end_of_record
